2021-11-17 11:26:00,513 INFO o.a.j.u.JMeterUtils: Setting Locale to en_EN
2021-11-17 11:26:00,526 INFO o.a.j.JMeter: Loading user properties from: /opt/apache-jmeter-5.3/bin/user.properties
2021-11-17 11:26:00,527 INFO o.a.j.JMeter: Loading system properties from: /opt/apache-jmeter-5.3/bin/system.properties
2021-11-17 11:26:00,528 INFO o.a.j.JMeter: Copyright (c) 1998-2020 The Apache Software Foundation
2021-11-17 11:26:00,528 INFO o.a.j.JMeter: Version 5.3
2021-11-17 11:26:00,528 INFO o.a.j.JMeter: java.version=1.8.0_111
2021-11-17 11:26:00,528 INFO o.a.j.JMeter: java.vm.name=OpenJDK 64-Bit Server VM
2021-11-17 11:26:00,528 INFO o.a.j.JMeter: os.name=Linux
2021-11-17 11:26:00,528 INFO o.a.j.JMeter: os.arch=amd64
2021-11-17 11:26:00,528 INFO o.a.j.JMeter: os.version=5.10.60.1-microsoft-standard-WSL2
2021-11-17 11:26:00,528 INFO o.a.j.JMeter: file.encoding=UTF-8
2021-11-17 11:26:00,528 INFO o.a.j.JMeter: java.awt.headless=null
2021-11-17 11:26:00,528 INFO o.a.j.JMeter: Max memory     =1073741824
2021-11-17 11:26:00,529 INFO o.a.j.JMeter: Available Processors =12
2021-11-17 11:26:00,532 INFO o.a.j.JMeter: Default Locale=English (EN)
2021-11-17 11:26:00,533 INFO o.a.j.JMeter: JMeter  Locale=English (EN)
2021-11-17 11:26:00,533 INFO o.a.j.JMeter: JMeterHome=/opt/apache-jmeter-5.3
2021-11-17 11:26:00,533 INFO o.a.j.JMeter: user.dir  =/file
2021-11-17 11:26:00,533 INFO o.a.j.JMeter: PWD       =/file
2021-11-17 11:26:00,533 INFO o.a.j.JMeter: IP: 172.17.0.2 Name: 7d18b515cd54 FullName: 7d18b515cd54
2021-11-17 11:26:00,536 INFO o.a.j.JMeter: Setting property 'jmeter.reportgenerator.outputdir' to:'/file/file'
2021-11-17 11:26:00,538 INFO o.a.j.s.FileServer: Default base='/file'
2021-11-17 11:26:00,541 INFO o.a.j.s.FileServer: Set new base='/file'
2021-11-17 11:26:00,633 INFO o.a.j.s.SaveService: Testplan (JMX) version: 2.2. Testlog (JTL) version: 2.2
2021-11-17 11:26:00,644 INFO o.a.j.s.SaveService: Using SaveService properties file encoding UTF-8
2021-11-17 11:26:00,647 INFO o.a.j.s.SaveService: Using SaveService properties version 5.0
2021-11-17 11:26:00,651 INFO o.a.j.s.SaveService: Loading file: mytest.jmx
2021-11-17 11:26:00,676 INFO o.a.j.p.h.c.CookieManager: Settings: Delete null: true Check: true Allow variable: true Save: false Prefix: COOKIE_
2021-11-17 11:26:00,683 INFO o.a.j.p.h.s.HTTPSamplerBase: Parser for text/html is org.apache.jmeter.protocol.http.parser.LagartoBasedHtmlParser
2021-11-17 11:26:00,683 INFO o.a.j.p.h.s.HTTPSamplerBase: Parser for application/xhtml+xml is org.apache.jmeter.protocol.http.parser.LagartoBasedHtmlParser
2021-11-17 11:26:00,683 INFO o.a.j.p.h.s.HTTPSamplerBase: Parser for application/xml is org.apache.jmeter.protocol.http.parser.LagartoBasedHtmlParser
2021-11-17 11:26:00,683 INFO o.a.j.p.h.s.HTTPSamplerBase: Parser for text/xml is org.apache.jmeter.protocol.http.parser.LagartoBasedHtmlParser
2021-11-17 11:26:00,683 INFO o.a.j.p.h.s.HTTPSamplerBase: Parser for text/vnd.wap.wml is org.apache.jmeter.protocol.http.parser.RegexpHTMLParser
2021-11-17 11:26:00,683 INFO o.a.j.p.h.s.HTTPSamplerBase: Parser for text/css is org.apache.jmeter.protocol.http.parser.CssParser
2021-11-17 11:26:00,703 INFO o.a.j.JMeter: Creating summariser <summary>
2021-11-17 11:26:00,711 INFO o.a.j.r.d.ReportGenerator: ReportGenerator will use for Parsing the separator: ','
2021-11-17 11:26:00,711 INFO o.a.j.r.d.ReportGenerator: Will generate report at end of test from  results file: result.jtl
2021-11-17 11:26:00,711 INFO o.a.j.r.d.ReportGenerator: Reading report generator properties from: /opt/apache-jmeter-5.3/bin/reportgenerator.properties
2021-11-17 11:26:00,712 INFO o.a.j.r.d.ReportGenerator: Merging with JMeter properties
2021-11-17 11:26:00,722 INFO o.a.j.r.c.ReportGeneratorConfiguration: Property 'jmeter.reportgenerator.temp_dir' not found, using default value 'temp' instead.
2021-11-17 11:26:00,725 INFO o.a.j.r.c.ReportGeneratorConfiguration: Property 'jmeter.reportgenerator.apdex_per_transaction' not found, using default value 'null' instead.
2021-11-17 11:26:00,725 INFO o.a.j.r.c.ReportGeneratorConfiguration: apdex_per_transaction is empty, not APDEX per transaction customization
2021-11-17 11:26:00,725 INFO o.a.j.r.c.ReportGeneratorConfiguration: Property 'jmeter.reportgenerator.sample_filter' not found, using default value 'null' instead.
2021-11-17 11:26:00,725 INFO o.a.j.r.c.ReportGeneratorConfiguration: Property 'jmeter.reportgenerator.report_title' not found, using default value 'null' instead.
2021-11-17 11:26:00,725 INFO o.a.j.r.c.ReportGeneratorConfiguration: Property 'jmeter.reportgenerator.start_date' not found, using default value 'null' instead.
2021-11-17 11:26:00,725 INFO o.a.j.r.c.ReportGeneratorConfiguration: Property 'jmeter.reportgenerator.end_date' not found, using default value 'null' instead.
2021-11-17 11:26:00,725 INFO o.a.j.r.c.ReportGeneratorConfiguration: Property 'jmeter.reportgenerator.date_format' not found, using default value 'null' instead.
2021-11-17 11:26:00,726 INFO o.a.j.r.c.ReportGeneratorConfiguration: Will use date range start date: null, end date: null
2021-11-17 11:26:00,729 INFO o.a.j.r.c.ReportGeneratorConfiguration: Property 'jmeter.reportgenerator.graph.totalTPS.exclude_controllers' not found, using default value 'false' instead.
2021-11-17 11:26:00,729 INFO o.a.j.r.c.ReportGeneratorConfiguration: Property 'jmeter.reportgenerator.graph.activeThreadsOverTime.exclude_controllers' not found, using default value 'false' instead.
2021-11-17 11:26:00,730 INFO o.a.j.r.c.ReportGeneratorConfiguration: Property 'jmeter.reportgenerator.graph.timeVsThreads.exclude_controllers' not found, using default value 'false' instead.
2021-11-17 11:26:00,730 INFO o.a.j.r.c.ReportGeneratorConfiguration: Property 'jmeter.reportgenerator.graph.responseTimeDistribution.exclude_controllers' not found, using default value 'false' instead.
2021-11-17 11:26:00,730 INFO o.a.j.r.c.ReportGeneratorConfiguration: Property 'jmeter.reportgenerator.graph.transactionsPerSecond.exclude_controllers' not found, using default value 'false' instead.
2021-11-17 11:26:00,730 INFO o.a.j.r.c.ReportGeneratorConfiguration: Property 'jmeter.reportgenerator.graph.responseTimePercentiles.exclude_controllers' not found, using default value 'false' instead.
2021-11-17 11:26:00,730 INFO o.a.j.r.c.ReportGeneratorConfiguration: Property 'jmeter.reportgenerator.graph.responseTimePercentilesOverTime.exclude_controllers' not found, using default value 'false' instead.
2021-11-17 11:26:00,730 INFO o.a.j.r.c.ReportGeneratorConfiguration: Property 'jmeter.reportgenerator.graph.responseTimesOverTime.exclude_controllers' not found, using default value 'false' instead.
2021-11-17 11:26:00,731 INFO o.a.j.r.c.ReportGeneratorConfiguration: Property 'jmeter.reportgenerator.graph.connectTimeOverTime.exclude_controllers' not found, using default value 'false' instead.
2021-11-17 11:26:00,731 INFO o.a.j.r.c.ReportGeneratorConfiguration: Property 'jmeter.reportgenerator.graph.latenciesOverTime.exclude_controllers' not found, using default value 'false' instead.
2021-11-17 11:26:00,732 INFO o.a.j.r.c.ReportGeneratorConfiguration: Property 'jmeter.reportgenerator.exporter.json.filters_only_sample_series' not found, using default value 'true' instead.
2021-11-17 11:26:00,732 INFO o.a.j.r.c.ReportGeneratorConfiguration: Property 'jmeter.reportgenerator.exporter.json.series_filter' not found, using default value '' instead.
2021-11-17 11:26:00,732 INFO o.a.j.r.c.ReportGeneratorConfiguration: Property 'jmeter.reportgenerator.exporter.json.show_controllers_only' not found, using default value 'false' instead.
2021-11-17 11:26:00,732 INFO o.a.j.r.c.ReportGeneratorConfiguration: Property 'jmeter.reportgenerator.exporter.html.filters_only_sample_series' not found, using default value 'true' instead.
2021-11-17 11:26:00,732 INFO o.a.j.r.c.ReportGeneratorConfiguration: Property 'jmeter.reportgenerator.exporter.html.series_filter' not found, using default value '' instead.
2021-11-17 11:26:00,732 INFO o.a.j.r.c.ReportGeneratorConfiguration: Property 'jmeter.reportgenerator.exporter.html.show_controllers_only' not found, using default value 'false' instead.
2021-11-17 11:26:00,736 INFO o.a.j.e.StandardJMeterEngine: Running the test!
2021-11-17 11:26:00,737 INFO o.a.j.s.SampleEvent: List of sample_variables: []
2021-11-17 11:26:00,737 INFO o.a.j.s.SampleEvent: List of sample_variables: []
2021-11-17 11:26:00,741 INFO o.a.j.e.u.CompoundVariable: Note: Function class names must contain the string: '.functions.'
2021-11-17 11:26:00,741 INFO o.a.j.e.u.CompoundVariable: Note: Function class names must not contain the string: '.gui.'
2021-11-17 11:26:00,990 INFO o.a.j.JMeter: Running test (1637148360990)
2021-11-17 11:26:01,022 INFO o.a.j.e.StandardJMeterEngine: Starting ThreadGroup: 1 : Thread Group
2021-11-17 11:26:01,022 INFO o.a.j.e.StandardJMeterEngine: Starting 10 threads for group Thread Group.
2021-11-17 11:26:01,022 INFO o.a.j.e.StandardJMeterEngine: Thread will continue on error
2021-11-17 11:26:01,022 INFO o.a.j.t.ThreadGroup: Starting thread group... number=1 threads=10 ramp-up=3 delayedStart=false
2021-11-17 11:26:01,030 INFO o.a.j.t.JMeterThread: Thread started: Thread Group 1-1
2021-11-17 11:26:01,036 INFO o.a.j.t.ThreadGroup: Started thread group number 1
2021-11-17 11:26:01,036 INFO o.a.j.e.StandardJMeterEngine: All thread groups have been started
2021-11-17 11:26:01,049 INFO o.a.j.p.h.s.HTTPHCAbstractImpl: Local host = 7d18b515cd54
2021-11-17 11:26:01,054 INFO o.a.j.p.h.s.HTTPHC4Impl: HTTP request retry count = 0
2021-11-17 11:26:01,056 INFO o.a.j.s.SampleResult: Note: Sample TimeStamps are START times
2021-11-17 11:26:01,056 INFO o.a.j.s.SampleResult: sampleresult.default.encoding is set to ISO-8859-1
2021-11-17 11:26:01,056 INFO o.a.j.s.SampleResult: sampleresult.useNanoTime=true
2021-11-17 11:26:01,056 INFO o.a.j.s.SampleResult: sampleresult.nanoThreadSleep=5000
2021-11-17 11:26:01,325 INFO o.a.j.t.JMeterThread: Thread started: Thread Group 1-2
2021-11-17 11:26:01,446 INFO o.a.j.r.Summariser: summary +      1 in 00:00:00 =    2.2/s Avg:   348 Min:   348 Max:   348 Err:     0 (0.00%) Active: 2 Started: 2 Finished: 0
2021-11-17 11:26:01,625 INFO o.a.j.t.JMeterThread: Thread started: Thread Group 1-3
2021-11-17 11:26:01,925 INFO o.a.j.t.JMeterThread: Thread started: Thread Group 1-4
2021-11-17 11:26:02,224 INFO o.a.j.t.JMeterThread: Thread started: Thread Group 1-5
2021-11-17 11:26:02,524 INFO o.a.j.t.JMeterThread: Thread started: Thread Group 1-6
2021-11-17 11:26:02,825 INFO o.a.j.t.JMeterThread: Thread started: Thread Group 1-7
2021-11-17 11:26:03,124 INFO o.a.j.t.JMeterThread: Thread started: Thread Group 1-8
2021-11-17 11:26:03,296 INFO o.a.j.t.JMeterThread: Thread is done: Thread Group 1-1
2021-11-17 11:26:03,296 INFO o.a.j.t.JMeterThread: Thread finished: Thread Group 1-1
2021-11-17 11:26:03,424 INFO o.a.j.t.JMeterThread: Thread started: Thread Group 1-9
2021-11-17 11:26:03,575 INFO o.a.j.t.JMeterThread: Thread is done: Thread Group 1-2
2021-11-17 11:26:03,575 INFO o.a.j.t.JMeterThread: Thread finished: Thread Group 1-2
2021-11-17 11:26:03,725 INFO o.a.j.t.JMeterThread: Thread started: Thread Group 1-10
2021-11-17 11:26:03,847 INFO o.a.j.t.JMeterThread: Thread is done: Thread Group 1-3
2021-11-17 11:26:03,847 INFO o.a.j.t.JMeterThread: Thread finished: Thread Group 1-3
2021-11-17 11:26:04,178 INFO o.a.j.t.JMeterThread: Thread is done: Thread Group 1-5
2021-11-17 11:26:04,178 INFO o.a.j.t.JMeterThread: Thread finished: Thread Group 1-5
2021-11-17 11:26:04,196 INFO o.a.j.t.JMeterThread: Thread is done: Thread Group 1-4
2021-11-17 11:26:04,196 INFO o.a.j.t.JMeterThread: Thread finished: Thread Group 1-4
2021-11-17 11:26:04,700 INFO o.a.j.t.JMeterThread: Thread is done: Thread Group 1-6
2021-11-17 11:26:04,700 INFO o.a.j.t.JMeterThread: Thread finished: Thread Group 1-6
2021-11-17 11:26:04,975 INFO o.a.j.t.JMeterThread: Thread is done: Thread Group 1-7
2021-11-17 11:26:04,975 INFO o.a.j.t.JMeterThread: Thread finished: Thread Group 1-7
2021-11-17 11:26:05,072 INFO o.a.j.t.JMeterThread: Thread is done: Thread Group 1-8
2021-11-17 11:26:05,072 INFO o.a.j.t.JMeterThread: Thread finished: Thread Group 1-8
2021-11-17 11:26:05,595 INFO o.a.j.t.JMeterThread: Thread is done: Thread Group 1-9
2021-11-17 11:26:05,595 INFO o.a.j.t.JMeterThread: Thread finished: Thread Group 1-9
2021-11-17 11:26:05,692 INFO o.a.j.t.JMeterThread: Thread is done: Thread Group 1-10
2021-11-17 11:26:05,692 INFO o.a.j.t.JMeterThread: Thread finished: Thread Group 1-10
2021-11-17 11:26:05,692 INFO o.a.j.e.StandardJMeterEngine: Notifying test listeners of end of test
2021-11-17 11:26:05,693 INFO o.a.j.r.Summariser: summary +     79 in 00:00:04 =   18.6/s Avg:   264 Min:   161 Max:   535 Err:     0 (0.00%) Active: 0 Started: 10 Finished: 10
2021-11-17 11:26:05,693 INFO o.a.j.r.Summariser: summary =     80 in 00:00:05 =   17.0/s Avg:   265 Min:   161 Max:   535 Err:     0 (0.00%)
2021-11-17 11:26:05,694 INFO o.a.j.JMeter: Generating Dashboard
2021-11-17 11:26:05,694 INFO o.a.j.r.d.ReportGenerator: Flushing result collector before report Generation
2021-11-17 11:26:05,702 INFO o.a.j.r.p.NormalizerSampleConsumer: Using format, 'ms', to parse timeStamp field
2021-11-17 11:26:05,780 INFO o.a.j.r.p.AbstractSampleConsumer: class org.apache.jmeter.report.processor.AggregateConsumer#stopProducing(): beginDate produced 0 samples
2021-11-17 11:26:05,780 INFO o.a.j.r.p.AbstractSampleConsumer: class org.apache.jmeter.report.processor.AggregateConsumer#stopProducing(): endDate produced 0 samples
2021-11-17 11:26:05,782 INFO o.a.j.r.p.AbstractSampleConsumer: class org.apache.jmeter.report.processor.ApdexSummaryConsumer#stopProducing(): apdexSummary produced 0 samples
2021-11-17 11:26:05,782 INFO o.a.j.r.p.AbstractSampleConsumer: class org.apache.jmeter.report.processor.RequestsSummaryConsumer#stopProducing(): requestsSummary produced 0 samples
2021-11-17 11:26:05,791 INFO o.a.j.r.p.AbstractSampleConsumer: class org.apache.jmeter.report.processor.StatisticsSummaryConsumer#stopProducing(): statisticsSummary produced 0 samples
2021-11-17 11:26:05,795 INFO o.a.j.r.p.AbstractSampleConsumer: class org.apache.jmeter.report.processor.Top5ErrorsBySamplerConsumer#stopProducing(): top5ErrorsBySampler produced 0 samples
2021-11-17 11:26:05,795 INFO o.a.j.r.p.AbstractSampleConsumer: class org.apache.jmeter.report.processor.ErrorsSummaryConsumer#stopProducing(): errorsSummary produced 0 samples
2021-11-17 11:26:05,795 INFO o.a.j.r.p.AbstractSampleConsumer: class org.apache.jmeter.report.processor.graph.impl.HitsPerSecondGraphConsumer#stopProducing(): hitsPerSecond produced 0 samples
2021-11-17 11:26:05,810 INFO o.a.j.r.p.AbstractSampleConsumer: class org.apache.jmeter.report.processor.graph.impl.LatencyVSRequestGraphConsumer#stopProducing(): latencyVsRequest produced 0 samples
2021-11-17 11:26:05,811 INFO o.a.j.r.p.AbstractSampleConsumer: class org.apache.jmeter.report.processor.graph.impl.SyntheticResponseTimeDistributionGraphConsumer#stopProducing(): syntheticResponseTimeDistribution produced 0 samples
2021-11-17 11:26:05,812 INFO o.a.j.r.p.AbstractSampleConsumer: class org.apache.jmeter.report.processor.graph.impl.BytesThroughputGraphConsumer#stopProducing(): bytesThroughputOverTime produced 0 samples
2021-11-17 11:26:05,812 INFO o.a.j.r.p.AbstractSampleConsumer: class org.apache.jmeter.report.processor.graph.impl.CodesPerSecondGraphConsumer#stopProducing(): codesPerSecond produced 0 samples
2021-11-17 11:26:05,815 INFO o.a.j.r.p.AbstractSampleConsumer: class org.apache.jmeter.report.processor.graph.impl.ResponseTimeVSRequestGraphConsumer#stopProducing(): responseTimeVsRequest produced 0 samples
2021-11-17 11:26:05,816 INFO o.a.j.r.p.AbstractSampleConsumer: class org.apache.jmeter.report.processor.FilterConsumer#stopProducing(): startIntervalControlerFilter produced 840 samples
2021-11-17 11:26:05,816 INFO o.a.j.r.p.AbstractSampleConsumer: class org.apache.jmeter.report.processor.graph.impl.TotalTPSGraphConsumer#stopProducing(): totalTPS produced 0 samples
2021-11-17 11:26:05,816 INFO o.a.j.r.p.AbstractSampleConsumer: class org.apache.jmeter.report.processor.graph.impl.ActiveThreadsGraphConsumer#stopProducing(): activeThreadsOverTime produced 0 samples
2021-11-17 11:26:05,816 INFO o.a.j.r.p.AbstractSampleConsumer: class org.apache.jmeter.report.processor.graph.impl.TimeVSThreadGraphConsumer#stopProducing(): timeVsThreads produced 0 samples
2021-11-17 11:26:05,816 INFO o.a.j.r.p.AbstractSampleConsumer: class org.apache.jmeter.report.processor.graph.impl.ResponseTimeDistributionGraphConsumer#stopProducing(): responseTimeDistribution produced 0 samples
2021-11-17 11:26:05,817 INFO o.a.j.r.p.AbstractSampleConsumer: class org.apache.jmeter.report.processor.graph.impl.TransactionsPerSecondGraphConsumer#stopProducing(): transactionsPerSecond produced 0 samples
2021-11-17 11:26:05,817 INFO o.a.j.r.p.AbstractSampleConsumer: class org.apache.jmeter.report.processor.graph.impl.ResponseTimePercentilesGraphConsumer#stopProducing(): responseTimePercentiles produced 0 samples
2021-11-17 11:26:05,822 INFO o.a.j.r.p.AbstractSampleConsumer: class org.apache.jmeter.report.processor.graph.impl.ResponseTimePercentilesOverTimeGraphConsumer#stopProducing(): responseTimePercentilesOverTime produced 0 samples
2021-11-17 11:26:05,822 INFO o.a.j.r.p.AbstractSampleConsumer: class org.apache.jmeter.report.processor.graph.impl.ResponseTimeOverTimeGraphConsumer#stopProducing(): responseTimesOverTime produced 0 samples
2021-11-17 11:26:05,823 INFO o.a.j.r.p.AbstractSampleConsumer: class org.apache.jmeter.report.processor.graph.impl.ConnectTimeOverTimeGraphConsumer#stopProducing(): connectTimeOverTime produced 0 samples
2021-11-17 11:26:05,823 INFO o.a.j.r.p.AbstractSampleConsumer: class org.apache.jmeter.report.processor.graph.impl.LatencyOverTimeGraphConsumer#stopProducing(): latenciesOverTime produced 0 samples
2021-11-17 11:26:05,823 INFO o.a.j.r.p.AbstractSampleConsumer: class org.apache.jmeter.report.processor.FilterConsumer#stopProducing(): nameFilter produced 1800 samples
2021-11-17 11:26:05,823 INFO o.a.j.r.p.AbstractSampleConsumer: class org.apache.jmeter.report.processor.FilterConsumer#stopProducing(): dateRangeFilter produced 360 samples
2021-11-17 11:26:05,824 INFO o.a.j.r.p.AbstractSampleConsumer: class org.apache.jmeter.report.processor.NormalizerSampleConsumer#stopProducing(): normalizer produced 120 samples
2021-11-17 11:26:05,825 INFO o.a.j.r.p.CsvFileSampleSource: produce(): 120 samples produced in 101ms on channel 0
2021-11-17 11:26:05,826 INFO o.a.j.r.d.ReportGenerator: Exporting data using exporter:'json' of className:'org.apache.jmeter.report.dashboard.JsonExporter'
2021-11-17 11:26:05,827 INFO o.a.j.r.d.JsonExporter: Found data for consumer statisticsSummary in context
2021-11-17 11:26:05,828 INFO o.a.j.r.d.JsonExporter: Creating statistics for overall
2021-11-17 11:26:05,828 INFO o.a.j.r.d.JsonExporter: Creating statistics for other transactions
2021-11-17 11:26:05,829 INFO o.a.j.r.d.JsonExporter: Checking output folder
2021-11-17 11:26:05,829 INFO o.a.j.r.d.JsonExporter: Writing statistics JSON to /file/file/statistics.json
2021-11-17 11:26:05,966 INFO o.a.j.r.d.ReportGenerator: Exporting data using exporter:'html' of className:'org.apache.jmeter.report.dashboard.HtmlTemplateExporter'
2021-11-17 11:26:05,967 INFO o.a.j.r.d.HtmlTemplateExporter: Will generate dashboard in folder: /file/file
2021-11-17 11:26:06,062 ERROR f.configuration: DefaultObjectWrapper.incompatibleImprovements was set to the object returned by Configuration.getVersion(). That defeats the purpose of incompatibleImprovements, and makes upgrading FreeMarker a potentially breaking change. Also, this probably won't be allowed starting from 2.4.0. Instead, set incompatibleImprovements to the highest concrete version that's known to be compatible with your application.
2021-11-17 11:26:06,063 ERROR f.configuration: Configuration.incompatibleImprovements was set to the object returned by Configuration.getVersion(). That defeats the purpose of incompatibleImprovements, and makes upgrading FreeMarker a potentially breaking change. Also, this probably won't be allowed starting from 2.4.0. Instead, set incompatibleImprovements to the highest concrete version that's known to be compatible with your application.
2021-11-17 11:26:06,072 INFO o.a.j.r.d.HtmlTemplateExporter: Report will be generated in: /file/file, creating folder structure
2021-11-17 11:26:06,074 INFO o.a.j.r.d.TemplateVisitor: Copying folder from '/opt/apache-jmeter-5.3/bin/report-template' to '/file/file', got message: /file/file, found non empty folder with following content [/file/file/statistics.json], will be ignored
2021-11-17 11:26:06,283 INFO o.a.j.JMeter: Dashboard generated
